<?xml version="1.0" encoding="UTF-8" ?>
<testsuite errors="0" failures="0" hostname="hp-mmehalso" name="com.capitalone.fyb.sonar.antdemo.printer.LetterPrinterTest" tests="1" time="0.064" timestamp="2012-09-13T02:18:40">
  <properties>
    <property name="java.vendor" value="Sun Microsystems Inc." />
    <property name="sun.java.launcher" value="SUN_STANDARD" />
    <property name="eclipse.pdebuild.templates" value="/C:/matt/ides/eclipse/plugins/org.eclipse.pde.build_3.6.2.R36x_20110203/templates/" />
    <property name="sun.management.compiler" value="HotSpot Client Compiler" />
    <property name="env.PROMPT" value="$P$G" />
    <property name="os.name" value="Windows 7" />
    <property name="env.FP_NO_HOST_CHECK" value="NO" />
    <property name="sun.boot.class.path" value="C:\Program Files (x86)\Java\jre6\lib\resources.jar;C:\Program Files (x86)\Java\jre6\lib\rt.jar;C:\Program Files (x86)\Java\jre6\lib\sunrsasign.jar;C:\Program Files (x86)\Java\jre6\lib\jsse.jar;C:\Program Files (x86)\Java\jre6\lib\jce.jar;C:\Program Files (x86)\Java\jre6\lib\charsets.jar;C:\Program Files (x86)\Java\jre6\lib\modules\jdk.boot.jar;C:\Program Files (x86)\Java\jre6\classes" />
    <property name="env.COMPUTERNAME" value="HP-MMEHALSO" />
    <property name="env.CommonProgramW6432" value="C:\Program Files\Common Files" />
    <property name="env.ALLUSERSPROFILE" value="C:\ProgramData" />
    <property name="env.SONAR_RUNNER_HOME" value="C:\matt\dev\sonar-runner-1.4\sonar-runner-1.4" />
    <property name="sun.desktop" value="windows" />
    <property name="java.vm.specification.vendor" value="Sun Microsystems Inc." />
    <property name="ant.home" value="C:\matt\ides\eclipse\plugins\org.apache.ant_1.7.1.v20100518-1145" />
    <property name="java.runtime.version" value="1.6.0_25-b06" />
    <property name="ant.file.accidenture-hello-world" value="C:\matt\dev\sonar fyb\sonar-fyb-demo\accidenture-hello-world\build.xml" />
    <property name="sonar.core.codeCoveragePlugin" value="jacoco" />
    <property name="env.HOMEPATH" value="\Users\mmehalso" />
    <property name="env.__COMPAT_LAYER" value="RunAsAdmin" />
    <property name="user.name" value="mmehalso" />
    <property name="sonar.surefire.reportsPath" value="." />
    <property name="env.QTJAVA" value="C:\Program Files (x86)\Java\jre6\lib\ext\QTJava.zip" />
    <property name="user.language" value="en" />
    <property name="sonar.jacoco.antTargets" value="test" />
    <property name="sun.boot.library.path" value="C:\Program Files (x86)\Java\jre6\bin" />
    <property name="ant.project.name" value="accidenture-hello-world" />
    <property name="java.version" value="1.6.0_25" />
    <property name="env.PROCESSOR_IDENTIFIER" value="Intel64 Family 6 Model 37 Stepping 2, GenuineIntel" />
    <property name="user.timezone" value="" />
    <property name="env.TEMP" value="C:\Users\mmehalso\AppData\Local\Temp" />
    <property name="sun.arch.data.model" value="32" />
    <property name="java.endorsed.dirs" value="C:\Program Files (x86)\Java\jre6\lib\endorsed" />
    <property name="env.PROCESSOR_ARCHITEW6432" value="AMD64" />
    <property name="sun.cpu.isalist" value="pentium_pro+mmx pentium_pro pentium+mmx pentium i486 i386 i86" />
    <property name="env.HOMEDRIVE" value="C:" />
    <property name="sun.jnu.encoding" value="Cp1252" />
    <property name="file.encoding.pkg" value="sun.io" />
    <property name="ECLIPSE_HOME" value="../../../../ides/eclipse" />
    <property name="file.separator" value="\" />
    <property name="java.specification.name" value="Java Platform API Specification" />
    <property name="sonar.sources" value="src" />
    <property name="java.class.version" value="50.0" />
    <property name="user.country" value="US" />
    <property name="java.home" value="C:\Program Files (x86)\Java\jre6" />
    <property name="env.PSModulePath" value="C:\Windows\system32\WindowsPowerShell\v1.0\Modules\" />
    <property name="env.ANDROID_HOME" value="C:\android-sdk" />
    <property name="env.APPDATA" value="C:\Users\mmehalso\AppData\Roaming" />
    <property name="env.PUBLIC" value="C:\Users\Public" />
    <property name="java.vm.info" value="mixed mode, sharing" />
    <property name="env.ComSpec" value="C:\Windows\system32\cmd.exe" />
    <property name="env.OS" value="Windows_NT" />
    <property name="env.CommonProgramFiles" value="C:\Program Files (x86)\Common Files" />
    <property name="sonar.libraries" value="lib/junit.jar" />
    <property name="ant.file" value="C:\matt\dev\sonar fyb\sonar-fyb-demo\accidenture-hello-world\build.xml" />
    <property name="os.version" value="6.1" />
    <property name="env.ProgramW6432" value="C:\Program Files" />
    <property name="path.separator" value=";" />
    <property name="java.vm.version" value="20.0-b11" />
    <property name="user.variant" value="" />
    <property name="env.USERPROFILE" value="C:\Users\mmehalso" />
    <property name="ant.library.dir" value="C:\matt\ides\eclipse\plugins\org.apache.ant_1.7.1.v20100518-1145\lib" />
    <property name="env.JAVA_HOME" value="C:\Program Files (x86)\Java\jdk1.6.0_22" />
    <property name="java.awt.printerjob" value="sun.awt.windows.WPrinterJob" />
    <property name="env.TMP" value="C:\Users\mmehalso\AppData\Local\Temp" />
    <property name="sun.io.unicode.encoding" value="UnicodeLittle" />
    <property name="awt.toolkit" value="sun.awt.windows.WToolkit" />
    <property name="_jacoco.agentFile" value="C:\Users\mmehalso\AppData\Local\Temp\jacocoagent8919953820059704482.jar" />
    <property name="sonar.tests" value="test" />
    <property name="eclipse.pdebuild.scripts" value="/C:/matt/ides/eclipse/plugins/org.eclipse.pde.build_3.6.2.R36x_20110203/scripts/" />
    <property name="target" value="1.6" />
    <property name="sonar.binaries" value="bin" />
    <property name="user.home" value="C:\Users\mmehalso" />
    <property name="env.ProgramData" value="C:\ProgramData" />
    <property name="env.ProgramFiles(x86)" value="C:\Program Files (x86)" />
    <property name="java.specification.vendor" value="Sun Microsystems Inc." />
    <property name="env.CLASSPATH" value=".;C:\Program Files (x86)\Java\jre6\lib\ext\QTJava.zip" />
    <property name="env.M2_HOME" value="C:\matt\dev\apache-maven-3.0.3" />
    <property name="env.NUMBER_OF_PROCESSORS" value="4" />
    <property name="java.library.path" value="C:\Program Files (x86)\Java\jre6\bin;.;C:\Windows\Sun\Java\bin;C:\Windows\system32;C:\Windows;C:/Program Files (x86)/Java/jre6/bin/client;C:/Program Files (x86)/Java/jre6/bin;C:/Program Files (x86)/Java/jre6/lib/i386;C:\Windows\system32;C:\Windows;C:\Windows\System32\Wbem;C:\Windows\System32\WindowsPowerShell\v1.0\;C:\Program Files\Intel\WiFi\bin\;C:\Program Files\Common Files\Intel\WirelessCommon\;C:\Program Files (x86)\Java\jdk1.6.0_22\bin;C:\matt\dev\grails\bin;C:\Program Files\MySQL\MySQL Server 5.5\bin;C:\Program Files (x86)\Git\cmd;C:\Program Files\TortoiseGit\bin;C:\matt\dev\apache-maven-3.0.3\bin;C:\matt\dev\apache-ant-1.8.3\bin;C:\matt\dev\bin;C:\Program Files (x86)\QuickTime\QTSystem\;C:\matt\dev\sonar-runner-1.4\sonar-runner-1.4\bin;C:\Ruby192\bin;C:\matt\ides\eclipse;" />
    <property name="java.vendor.url" value="http://java.sun.com/" />
    <property name="java.vm.vendor" value="Sun Microsystems Inc." />
    <property name="java.runtime.name" value="Java(TM) SE Runtime Environment" />
    <property name="ant.version" value="Apache Ant version 1.7.1 compiled on June 27 2008" />
    <property name="java.class.path" value="C:\matt\dev\sonar fyb\sonar-fyb-demo\accidenture-hello-world\bin;C:\matt\dev\sonar fyb\sonar-fyb-demo\accidenture-hello-world\lib\junit.jar;C:\matt\dev\sonar fyb\sonar-fyb-demo\accidenture-hello-world\lib\hamcrest-core-1.1.jar;C:\matt\dev\sonar fyb\sonar-fyb-demo\accidenture-hello-world;C:\Program Files (x86)\Java\jre6\lib\ext\QTJava.zip;C:\matt\ides\eclipse\plugins\org.apache.ant_1.7.1.v20100518-1145\lib\ant-launcher.jar;C:\matt\ides\eclipse\plugins\org.apache.ant_1.7.1.v20100518-1145\lib\ant.jar;C:\matt\ides\eclipse\plugins\org.apache.ant_1.7.1.v20100518-1145\lib\ant-junit.jar;C:\Users\mmehalso\AppData\Local\Temp\jacocoagent8919953820059704482.jar" />
    <property name="sun.java.command" value="org.apache.tools.ant.taskdefs.optional.junit.JUnitTestRunner com.capitalone.fyb.sonar.antdemo.printer.LetterPrinterTest filtertrace=true haltOnError=false haltOnFailure=false formatter=org.apache.tools.ant.taskdefs.optional.junit.SummaryJUnitResultFormatter showoutput=false outputtoformatters=true logtestlistenerevents=true formatter=org.apache.tools.ant.taskdefs.optional.junit.XMLJUnitResultFormatter,C:\matt\dev\sonar fyb\sonar-fyb-demo\accidenture-hello-world\TEST-com.capitalone.fyb.sonar.antdemo.printer.LetterPrinterTest.xml crashfile=C:\matt\dev\sonar fyb\sonar-fyb-demo\accidenture-hello-world\junitvmwatcher116370580817572385.properties propsfile=C:\matt\dev\sonar fyb\sonar-fyb-demo\accidenture-hello-world\junit6424223164156118931.properties" />
    <property name="java.vm.specification.name" value="Java Virtual Machine Specification" />
    <property name="env.LOGONSERVER" value="\\HP-MMEHALSO" />
    <property name="env.windir" value="C:\Windows" />
    <property name="env.PROCESSOR_ARCHITECTURE" value="x86" />
    <property name="java.vm.specification.version" value="1.0" />
    <property name="sun.cpu.endian" value="little" />
    <property name="sun.os.patch.level" value="Service Pack 1" />
    <property name="debuglevel" value="source,lines,vars" />
    <property name="env.ProgramFiles" value="C:\Program Files (x86)" />
    <property name="env.ANT_HOME" value="C:\matt\ides\eclipse\plugins\org.apache.ant_1.7.1.v20100518-1145" />
    <property name="java.io.tmpdir" value="C:\Users\mmehalso\AppData\Local\Temp\" />
    <property name="env.PROCESSOR_REVISION" value="2502" />
    <property name="eclipse.pdebuild.home" value="/C:/matt/ides/eclipse/plugins/org.eclipse.pde.build_3.6.2.R36x_20110203/./" />
    <property name="env.CommonProgramFiles(x86)" value="C:\Program Files (x86)\Common Files" />
    <property name="env.VBOX_INSTALL_PATH" value="C:\Program Files\Oracle\VirtualBox\" />
    <property name="java.vendor.url.bug" value="http://java.sun.com/cgi-bin/bugreport.cgi" />
    <property name="env.SystemRoot" value="C:\Windows" />
    <property name="java.awt.graphicsenv" value="sun.awt.Win32GraphicsEnvironment" />
    <property name="os.arch" value="x86" />
    <property name="sonar.dynamicAnalysis" value="true" />
    <property name="java.ext.dirs" value="C:\Program Files (x86)\Java\jre6\lib\ext;C:\Windows\Sun\Java\lib\ext" />
    <property name="env.LOCALAPPDATA" value="C:\Users\mmehalso\AppData\Local" />
    <property name="user.dir" value="C:\matt\dev\sonar fyb\sonar-fyb-demo\accidenture-hello-world" />
    <property name="line.separator" value="
" />
    <property name="java.vm.name" value="Java HotSpot(TM) Client VM" />
    <property name="env.PATHEXT" value=".COM;.EXE;.BAT;.CMD;.VBS;.VBE;.JS;.JSE;.WSF;.WSH;.MSC;.RB;.RBW" />
    <property name="env.Path" value="C:/Program Files (x86)/Java/jre6/bin/client;C:/Program Files (x86)/Java/jre6/bin;C:/Program Files (x86)/Java/jre6/lib/i386;C:\Windows\system32;C:\Windows;C:\Windows\System32\Wbem;C:\Windows\System32\WindowsPowerShell\v1.0\;C:\Program Files\Intel\WiFi\bin\;C:\Program Files\Common Files\Intel\WirelessCommon\;C:\Program Files (x86)\Java\jdk1.6.0_22\bin;C:\matt\dev\grails\bin;C:\Program Files\MySQL\MySQL Server 5.5\bin;C:\Program Files (x86)\Git\cmd;C:\Program Files\TortoiseGit\bin;C:\matt\dev\apache-maven-3.0.3\bin;C:\matt\dev\apache-ant-1.8.3\bin;C:\matt\dev\bin;C:\Program Files (x86)\QuickTime\QTSystem\;C:\matt\dev\sonar-runner-1.4\sonar-runner-1.4\bin;C:\Ruby192\bin;C:\matt\ides\eclipse;" />
    <property name="basedir" value="C:\matt\dev\sonar fyb\sonar-fyb-demo\accidenture-hello-world" />
    <property name="ant.java.version" value="1.6" />
    <property name="ant.core.lib" value="C:\matt\ides\eclipse\plugins\org.apache.ant_1.7.1.v20100518-1145\lib\ant.jar" />
    <property name="env.USERNAME" value="mmehalso" />
    <property name="source" value="1.6" />
    <property name="env.SystemDrive" value="C:" />
    <property name="file.encoding" value="Cp1252" />
    <property name="env.GRAILS_HOME" value="C:\matt\dev\grails" />
    <property name="env.USERDOMAIN" value="HP-MMEHALSO" />
    <property name="java.specification.version" value="1.6" />
    <property name="env.PROCESSOR_LEVEL" value="6" />
  </properties>
  <testcase classname="com.capitalone.fyb.sonar.antdemo.printer.LetterPrinterTest" name="testConstructor" time="0.0050" />
  <system-out><![CDATA[]]></system-out>
  <system-err><![CDATA[]]></system-err>
</testsuite>
